app/build/outputs/logs/manifest-merger-debug-report.txt
-- Merging decision tree log ---
manifest
ADDED from src\main\AndroidManifest.xml:17:1-96:12
	package
		ADDED from src\main\AndroidManifest.xml:18:5-47
		INJECTED from src\main\AndroidManifest.xml
		INJECTED from src\main\AndroidManifest.xml
	android:versionName
		ADDED from src\main\AndroidManifest.xml:20:5-30
	android:versionCode
		ADDED from src\main\AndroidManifest.xml:19:5-28
		INJECTED from src\main\AndroidManifest.xml
		INJECTED from src\main\AndroidManifest.xml
	xmlns:android
		ADDED from src\main\AndroidManifest.xml:17:11-69
uses-sdk
ADDED from src\main\AndroidManifest.xml:22:5-44
MERGED from [com.android.support:support-v4:21.0.3] AndroidManifest.xml:15:5-42
MERGED from [com.android.support:appcompat-v7:21.0.3] AndroidManifest.xml:15:5-42
MERGED from [com.android.support:support-v4:21.0.3] AndroidManifest.xml:15:5-42
MERGED from [com.google.android.gms:play-services:6.5.87] AndroidManifest.xml:18:5-42
MERGED from [com.android.support:support-v4:21.0.3] AndroidManifest.xml:15:5-42
	android:targetSdkVersion
		INJECTED from src\main\AndroidManifest.xml
		INJECTED from src\main\AndroidManifest.xml
	android:minSdkVersion
		ADDED from src\main\AndroidManifest.xml:22:15-41
		INJECTED from src\main\AndroidManifest.xml
		INJECTED from src\main\AndroidManifest.xml
uses-permission#android.permission.INTERNET
ADDED from src\main\AndroidManifest.xml:24:5-67
	android:name
		ADDED from src\main\AndroidManifest.xml:24:22-64
uses-permission#android.permission.GET_ACCOUNTS
ADDED from src\main\AndroidManifest.xml:25:5-71
	android:name
		ADDED from src\main\AndroidManifest.xml:25:22-68
uses-permission#android.permission.WAKE_LOCK
ADDED from src\main\AndroidManifest.xml:26:5-68
	android:name
		ADDED from src\main\AndroidManifest.xml:26:22-65
uses-permission#com.google.android.c2dm.permission.RECEIVE
ADDED from src\main\AndroidManifest.xml:27:5-82
	android:name
		ADDED from src\main\AndroidManifest.xml:27:22-79
permission#com.example.android.gransantiago.permission.C2D_MESSAGE
ADDED from src\main\AndroidManifest.xml:29:5-31:47
	android:protectionLevel
		ADDED from src\main\AndroidManifest.xml:31:9-44
	android:name
		ADDED from src\main\AndroidManifest.xml:30:9-79
uses-permission#com.example.android.gransantiago.permission.C2D_MESSAGE
ADDED from src\main\AndroidManifest.xml:33:5-95
	android:name
		ADDED from src\main\AndroidManifest.xml:33:22-92
uses-permission#android.permission.WRITE_EXTERNAL_STORAGE
ADDED from src\main\AndroidManifest.xml:34:5-36:38
	android:maxSdkVersion
		ADDED from src\main\AndroidManifest.xml:36:9-35
	android:name
		ADDED from src\main\AndroidManifest.xml:35:9-65
uses-permission#android.permission.READ_PHONE_STATE
ADDED from src\main\AndroidManifest.xml:37:5-75
	android:name
		ADDED from src\main\AndroidManifest.xml:37:22-72
uses-permission#android.permission.READ_EXTERNAL_STORAGE
ADDED from src\main\AndroidManifest.xml:38:5-40:38
	android:maxSdkVersion
		ADDED from src\main\AndroidManifest.xml:40:9-35
	android:name
		ADDED from src\main\AndroidManifest.xml:39:9-64
application
ADDED from src\main\AndroidManifest.xml:42:5-94:19
MERGED from [com.android.support:support-v4:21.0.3] AndroidManifest.xml:16:5-19
MERGED from [com.android.support:appcompat-v7:21.0.3] AndroidManifest.xml:16:5-19
MERGED from [com.android.support:support-v4:21.0.3] AndroidManifest.xml:16:5-19
MERGED from [com.google.android.gms:play-services:6.5.87] AndroidManifest.xml:20:5-24:19
MERGED from [com.android.support:support-v4:21.0.3] AndroidManifest.xml:16:5-19
	android:label
		ADDED from src\main\AndroidManifest.xml:44:9-41
	android:icon
		ADDED from src\main\AndroidManifest.xml:43:9-36
	android:theme
		ADDED from src\main\AndroidManifest.xml:45:9-67
receiver#com.example.android.gransantiago.GcmBroadcastReceiver
ADDED from src\main\AndroidManifest.xml:46:9-54:20
	android:permission
		ADDED from src\main\AndroidManifest.xml:48:13-73
	android:name
		ADDED from src\main\AndroidManifest.xml:47:13-81
intent-filter#com.example.android.gsantiago+com.google.android.c2dm.intent.RECEIVE
ADDED from src\main\AndroidManifest.xml:49:13-53:29
action#com.google.android.c2dm.intent.RECEIVE
ADDED from src\main\AndroidManifest.xml:50:17-81
	android:name
		ADDED from src\main\AndroidManifest.xml:50:25-78
category#com.example.android.gsantiago
ADDED from src\main\AndroidManifest.xml:52:17-74
	android:name
		ADDED from src\main\AndroidManifest.xml:52:27-71
service#com.example.android.gransantiago.GcmIntentService
ADDED from src\main\AndroidManifest.xml:56:9-85
	android:name
		ADDED from src\main\AndroidManifest.xml:56:18-82
activity#com.example.android.gransantiago.Portada
ADDED from src\main\AndroidManifest.xml:58:9-68:20
	android:label
		ADDED from src\main\AndroidManifest.xml:61:13-45
	android:configChanges
		ADDED from src\main\AndroidManifest.xml:60:13-59
	android:theme
		ADDED from src\main\AndroidManifest.xml:62:13-71
	android:name
		ADDED from src\main\AndroidManifest.xml:59:13-68
intent-filter#android.intent.action.MAIN+android.intent.category.LAUNCHER
ADDED from src\main\AndroidManifest.xml:63:13-67:29
action#android.intent.action.MAIN
ADDED from src\main\AndroidManifest.xml:64:17-69
	android:name
		ADDED from src\main\AndroidManifest.xml:64:25-66
category#android.intent.category.LAUNCHER
ADDED from src\main\AndroidManifest.xml:66:17-77
	android:name
		ADDED from src\main\AndroidManifest.xml:66:27-74
activity#com.example.android.gransantiago.PreferencesActivity
ADDED from src\main\AndroidManifest.xml:69:9-73:20
	android:label
		ADDED from src\main\AndroidManifest.xml:71:13-38
	android:theme
		ADDED from src\main\AndroidManifest.xml:72:13-60
	android:name
		ADDED from src\main\AndroidManifest.xml:70:13-80
activity#com.example.android.gransantiago.Registro
ADDED from src\main\AndroidManifest.xml:74:9-77:20
	android:label
		ADDED from src\main\AndroidManifest.xml:76:13-60
	android:name
		ADDED from src\main\AndroidManifest.xml:75:13-69
activity#com.example.android.gransantiago.Preferencias
ADDED from src\main\AndroidManifest.xml:79:9-82:20
	android:label
		ADDED from src\main\AndroidManifest.xml:81:13-41
	android:name
		ADDED from src\main\AndroidManifest.xml:80:13-73
activity#com.example.android.gransantiago.Aviso
ADDED from src\main\AndroidManifest.xml:83:9-93:20
	android:label
		ADDED from src\main\AndroidManifest.xml:86:13-57
	android:launchMode
		ADDED from src\main\AndroidManifest.xml:85:13-43
	android:name
		ADDED from src\main\AndroidManifest.xml:84:13-66
intent-filter#android.intent.category.DEFAULT+com.example.android.gransantiago.aviso
ADDED from src\main\AndroidManifest.xml:88:13-92:29
action#com.example.android.gransantiago.aviso
ADDED from src\main\AndroidManifest.xml:89:17-81
	android:name
		ADDED from src\main\AndroidManifest.xml:89:25-78
category#android.intent.category.DEFAULT
ADDED from src\main\AndroidManifest.xml:91:17-76
	android:name
		ADDED from src\main\AndroidManifest.xml:91:27-73
meta-data#com.google.android.gms.version
ADDED from [com.google.android.gms:play-services:6.5.87] AndroidManifest.xml:21:9-23:69
	android:value
		ADDED from [com.google.android.gms:play-services:6.5.87] AndroidManifest.xml:23:13-66
	android:name
		ADDED from [com.google.android.gms:play-services:6.5.87] AndroidManifest.xml:22:13-58